# JRE version: Java(TM) SE Runtime Environment (8.0_144-b01) (build 1.8.0_144-b01)
# Java VM: Java HotSpot(TM) 64-Bit Server VM (25.144-b01 mixed mode windows-amd64 compressed oops)
Heap:
 PSYoungGen      total 454656K, used 106326K [0x000000076c600000, 0x0000000789180000, 0x00000007c0000000)
  eden space 439296K, 20% used [0x000000076c600000,0x0000000771ed6868,0x0000000787300000)
  from space 15360K, 99% used [0x0000000788180000,0x000000078907f070,0x0000000789080000)
  to   space 14848K, 0% used [0x0000000787300000,0x0000000787300000,0x0000000788180000)
 ParOldGen       total 130048K, used 60775K [0x00000006c5200000, 0x00000006cd100000, 0x000000076c600000)
  object space 130048K, 46% used [0x00000006c5200000,0x00000006c8d59e80,0x00000006cd100000)
 Metaspace       used 53138K, capacity 53754K, committed 54272K, reserved 1101824K
  class space    used 6702K, capacity 6834K, committed 6912K, reserved 1048576K
GC Heap History (10 events):
Event: 8.922 GC heap before
{Heap before GC invocations=10 (full 1):
 PSYoungGen      total 454656K, used 448466K [0x000000076c600000, 0x0000000789180000, 0x00000007c0000000)
  eden space 439296K, 100% used [0x000000076c600000,0x0000000787300000,0x0000000787300000)
  from space 15360K, 59% used [0x0000000788180000,0x0000000788a74bd0,0x0000000789080000)
  to   space 14848K, 0% used [0x0000000787300000,0x0000000787300000,0x0000000788180000)
 ParOldGen       total 85504K, used 11096K [0x00000006c5200000, 0x00000006ca580000, 0x000000076c600000)
  object space 85504K, 12% used [0x00000006c5200000,0x00000006c5cd6000,0x00000006ca580000)
 Metaspace       used 28775K, capacity 29208K, committed 29440K, reserved 1075200K
  class space    used 3691K, capacity 3809K, committed 3840K, reserved 1048576K
Event: 8.930 GC heap after
Heap after GC invocations=10 (full 1):
 PSYoungGen      total 454144K, used 14028K [0x000000076c600000, 0x0000000789180000, 0x00000007c0000000)
  eden space 439296K, 0% used [0x000000076c600000,0x000000076c600000,0x0000000787300000)
  from space 14848K, 94% used [0x0000000787300000,0x00000007880b3050,0x0000000788180000)
  to   space 15360K, 0% used [0x0000000788180000,0x0000000788180000,0x0000000789080000)
 ParOldGen       total 85504K, used 12475K [0x00000006c5200000, 0x00000006ca580000, 0x000000076c600000)
  object space 85504K, 14% used [0x00000006c5200000,0x00000006c5e2ec78,0x00000006ca580000)
 Metaspace       used 28775K, capacity 29208K, committed 29440K, reserved 1075200K
  class space    used 3691K, capacity 3809K, committed 3840K, reserved 1048576K
}
Event: 10.656 GC heap before
{Heap before GC invocations=11 (full 1):
 PSYoungGen      total 454144K, used 437990K [0x000000076c600000, 0x0000000789180000, 0x00000007c0000000)
  eden space 439296K, 96% used [0x000000076c600000,0x0000000786406b68,0x0000000787300000)
  from space 14848K, 94% used [0x0000000787300000,0x00000007880b3050,0x0000000788180000)
  to   space 15360K, 0% used [0x0000000788180000,0x0000000788180000,0x0000000789080000)
 ParOldGen       total 85504K, used 12475K [0x00000006c5200000, 0x00000006ca580000, 0x000000076c600000)
  object space 85504K, 14% used [0x00000006c5200000,0x00000006c5e2ec78,0x00000006ca580000)
 Metaspace       used 34851K, capacity 35340K, committed 35496K, reserved 1081344K
  class space    used 4463K, capacity 4607K, committed 4608K, reserved 1048576K
Event: 10.664 GC heap after
Heap after GC invocations=11 (full 1):
 PSYoungGen      total 454656K, used 15332K [0x000000076c600000, 0x0000000789180000, 0x00000007c0000000)
  eden space 439296K, 0% used [0x000000076c600000,0x000000076c600000,0x0000000787300000)
  from space 15360K, 99% used [0x0000000788180000,0x0000000789079330,0x0000000789080000)
  to   space 14848K, 0% used [0x0000000787300000,0x0000000787300000,0x0000000788180000)
 ParOldGen       total 85504K, used 15893K [0x00000006c5200000, 0x00000006ca580000, 0x000000076c600000)
  object space 85504K, 18% used [0x00000006c5200000,0x00000006c6185798,0x00000006ca580000)
 Metaspace       used 34851K, capacity 35340K, committed 35496K, reserved 1081344K
  class space    used 4463K, capacity 4607K, committed 4608K, reserved 1048576K
}
Event: 10.664 GC heap before
{Heap before GC invocations=12 (full 2):
 PSYoungGen      total 454656K, used 15332K [0x000000076c600000, 0x0000000789180000, 0x00000007c0000000)
  eden space 439296K, 0% used [0x000000076c600000,0x000000076c600000,0x0000000787300000)
  from space 15360K, 99% used [0x0000000788180000,0x0000000789079330,0x0000000789080000)
  to   space 14848K, 0% used [0x0000000787300000,0x0000000787300000,0x0000000788180000)
 ParOldGen       total 85504K, used 15893K [0x00000006c5200000, 0x00000006ca580000, 0x000000076c600000)
  object space 85504K, 18% used [0x00000006c5200000,0x00000006c6185798,0x00000006ca580000)
 Metaspace       used 34851K, capacity 35340K, committed 35496K, reserved 1081344K
  class space    used 4463K, capacity 4607K, committed 4608K, reserved 1048576K
Event: 10.745 GC heap after
Heap after GC invocations=12 (full 2):
 PSYoungGen      total 454656K, used 0K [0x000000076c600000, 0x0000000789180000, 0x00000007c0000000)
  eden space 439296K, 0% used [0x000000076c600000,0x000000076c600000,0x0000000787300000)
  from space 15360K, 0% used [0x0000000788180000,0x0000000788180000,0x0000000789080000)
  to   space 14848K, 0% used [0x0000000787300000,0x0000000787300000,0x0000000788180000)
 ParOldGen       total 130048K, used 29863K [0x00000006c5200000, 0x00000006cd100000, 0x000000076c600000)
  object space 130048K, 22% used [0x00000006c5200000,0x00000006c6f29c10,0x00000006cd100000)
 Metaspace       used 34851K, capacity 35340K, committed 35496K, reserved 1081344K
  class space    used 4463K, capacity 4607K, committed 4608K, reserved 1048576K
}
Event: 13.409 GC heap before
{Heap before GC invocations=13 (full 2):
 PSYoungGen      total 454656K, used 439296K [0x000000076c600000, 0x0000000789180000, 0x00000007c0000000)
  eden space 439296K, 100% used [0x000000076c600000,0x0000000787300000,0x0000000787300000)
  from space 15360K, 0% used [0x0000000788180000,0x0000000788180000,0x0000000789080000)
  to   space 14848K, 0% used [0x0000000787300000,0x0000000787300000,0x0000000788180000)
 ParOldGen       total 130048K, used 29863K [0x00000006c5200000, 0x00000006cd100000, 0x000000076c600000)
  object space 130048K, 22% used [0x00000006c5200000,0x00000006c6f29c10,0x00000006cd100000)
 Metaspace       used 45515K, capacity 46080K, committed 46592K, reserved 1089536K
  class space    used 5890K, capacity 6035K, committed 6144K, reserved 1048576K
Event: 13.422 GC heap after
Heap after GC invocations=13 (full 2):
 PSYoungGen      total 454144K, used 14826K [0x000000076c600000, 0x0000000789180000, 0x00000007c0000000)
  eden space 439296K, 0% used [0x000000076c600000,0x000000076c600000,0x0000000787300000)
  from space 14848K, 99% used [0x0000000787300000,0x000000078817ab40,0x0000000788180000)
  to   space 15360K, 0% used [0x0000000788180000,0x0000000788180000,0x0000000789080000)
 ParOldGen       total 130048K, used 43347K [0x00000006c5200000, 0x00000006cd100000, 0x000000076c600000)
  object space 130048K, 33% used [0x00000006c5200000,0x00000006c7c54ca8,0x00000006cd100000)
 Metaspace       used 45515K, capacity 46080K, committed 46592K, reserved 1089536K
  class space    used 5890K, capacity 6035K, committed 6144K, reserved 1048576K
}
Event: 15.736 GC heap before
{Heap before GC invocations=14 (full 2):
 PSYoungGen      total 454144K, used 454122K [0x000000076c600000, 0x0000000789180000, 0x00000007c0000000)
  eden space 439296K, 100% used [0x000000076c600000,0x0000000787300000,0x0000000787300000)
  from space 14848K, 99% used [0x0000000787300000,0x000000078817ab40,0x0000000788180000)
  to   space 15360K, 0% used [0x0000000788180000,0x0000000788180000,0x0000000789080000)
 ParOldGen       total 130048K, used 43347K [0x00000006c5200000, 0x00000006cd100000, 0x000000076c600000)
  object space 130048K, 33% used [0x00000006c5200000,0x00000006c7c54ca8,0x00000006cd100000)
 Metaspace       used 52037K, capacity 52644K, committed 53120K, reserved 1099776K
  class space    used 6578K, capacity 6729K, committed 6784K, reserved 1048576K
Event: 15.748 GC heap after
Heap after GC invocations=14 (full 2):
 PSYoungGen      total 454656K, used 15356K [0x000000076c600000, 0x0000000789180000, 0x00000007c0000000)
  eden space 439296K, 0% used [0x000000076c600000,0x000000076c600000,0x0000000787300000)
  from space 15360K, 99% used [0x0000000788180000,0x000000078907f070,0x0000000789080000)
  to   space 14848K, 0% used [0x0000000787300000,0x0000000787300000,0x0000000788180000)
 ParOldGen       total 130048K, used 60775K [0x00000006c5200000, 0x00000006cd100000, 0x000000076c600000)
  object space 130048K, 46% used [0x00000006c5200000,0x00000006c8d59e80,0x00000006cd100000)
 Metaspace       used 52037K, capacity 52644K, committed 53120K, reserved 1099776K
  class space    used 6578K, capacity 6729K, committed 6784K, reserved 1048576K
}

